info: Search for label aocKeurmerk with searchString: "ja" {"timestamp":"2025-09-05T14:32:51.553Z"}
info: Certificate to fetch data for: "Veilig werken op hoogte" {"timestamp":"2025-09-05T14:32:51.555Z"}
info: Search for label aocKeurmerk with searchString: "ja" {"timestamp":"2025-09-05T14:33:34.201Z"}
info: Certificate to fetch data for: "Veilig werken op hoogte" {"timestamp":"2025-09-05T14:33:34.204Z"}
info: Search for label aocKeurmerk with searchString: "ja" {"timestamp":"2025-09-05T14:34:41.929Z"}
info: Certificate to fetch data for: "Veilig werken op hoogte" {"timestamp":"2025-09-05T14:34:41.931Z"}
info: Search for label aocKeurmerk with searchString: "ja" {"timestamp":"2025-09-05T14:34:52.222Z"}
info: Certificate to fetch data for: "Veilig werken op hoogte" {"timestamp":"2025-09-05T14:34:52.224Z"}
info: Search for label aocKeurmerk with searchString: "ja" {"timestamp":"2025-09-05T14:35:40.906Z"}
info: Certificate to fetch data for: "Veilig werken op hoogte" {"timestamp":"2025-09-05T14:35:40.908Z"}
info: Search for label aocKeurmerk with searchString: "ja" {"timestamp":"2025-09-05T14:37:17.459Z"}
info: Certificate to fetch data for: "Veilig werken op hoogte" {"timestamp":"2025-09-05T14:37:17.461Z"}
info: Search for label aocKeurmerk with searchString: "ja" {"timestamp":"2025-09-05T14:37:32.173Z"}
info: Certificate to fetch data for: "Veilig werken op hoogte" {"timestamp":"2025-09-05T14:37:32.175Z"}
info: Search for label aocKeurmerk with searchString: "ja" {"timestamp":"2025-09-05T14:37:49.327Z"}
info: Certificate to fetch data for: "Veilig werken op hoogte" {"timestamp":"2025-09-05T14:37:49.329Z"}
info: Search for label aocKeurmerk with searchString: "ja" {"timestamp":"2025-09-05T14:38:24.534Z"}
info: Certificate to fetch data for: "Veilig werken op hoogte" {"timestamp":"2025-09-05T14:38:24.536Z"}
info: Search for label aocKeurmerk with searchString: "ja" {"timestamp":"2025-09-05T14:38:31.887Z"}
info: Certificate to fetch data for: "Veilig werken op hoogte" {"timestamp":"2025-09-05T14:38:31.888Z"}
info: Search for label aocKeurmerk with searchString: "ja" {"timestamp":"2025-09-05T14:38:44.003Z"}
info: Certificate to fetch data for: "Veilig werken op hoogte" {"timestamp":"2025-09-05T14:38:44.005Z"}
info: Search for label aocKeurmerk with searchString: "ja" {"timestamp":"2025-09-05T14:39:38.797Z"}
info: Certificate to fetch data for: "Kleurkeur basis" {"timestamp":"2025-09-05T14:39:38.799Z"}
info: Search for label aocKeurmerk with searchString: "ja" {"timestamp":"2025-09-05T14:40:06.494Z"}
info: Certificate to fetch data for: "Kleurkeur basis" {"timestamp":"2025-09-05T14:40:06.496Z"}
info: Search for label aocKeurmerk with searchString: "ja" {"timestamp":"2025-09-05T14:40:14.043Z"}
info: Certificate to fetch data for: "Kleurkeur basis" {"timestamp":"2025-09-05T14:40:14.044Z"}
info: Search for label aocKeurmerk with searchString: "ja" {"timestamp":"2025-09-05T14:40:22.924Z"}
info: Certificate to fetch data for: "Kleurkeur basis" {"timestamp":"2025-09-05T14:40:22.926Z"}
info: Search for label aocKeurmerk with searchString: "ja" {"timestamp":"2025-09-05T14:40:29.500Z"}
info: Certificate to fetch data for: "Kleurkeur basis" {"timestamp":"2025-09-05T14:40:29.501Z"}
info: Search for label AOC Keurmerk with searchString: "ja" {"timestamp":"2025-09-05T14:40:40.424Z"}
info: Certificate to fetch data for: "Veilig werken op hoogte" {"timestamp":"2025-09-05T14:40:40.425Z"}
info: Search for label AOC Keurmerk with searchString: "ja" {"timestamp":"2025-09-05T14:40:46.854Z"}
info: Certificate to fetch data for: "Veilig werken op hoogte" {"timestamp":"2025-09-05T14:40:46.855Z"}
info: Search for label AOC Keurmerk with searchString: "ja" {"timestamp":"2025-09-05T14:41:02.064Z"}
info: Certificate to fetch data for: "Veilig werken op hoogte" {"timestamp":"2025-09-05T14:41:02.066Z"}
info: Search for label aocKeurmerk with searchString: "ja" {"timestamp":"2025-09-05T14:41:07.464Z"}
info: Certificate to fetch data for: "Veilig werken op hoogte" {"timestamp":"2025-09-05T14:41:07.465Z"}
info: Search for label AOC Keurmerk with searchString: "ja" {"timestamp":"2025-09-05T14:41:07.469Z"}
info: Certificate to fetch data for: "Veilig werken op hoogte" {"timestamp":"2025-09-05T14:41:07.469Z"}
info: Search for label aocKeurmerk with searchString: "ja" {"timestamp":"2025-09-05T14:41:07.475Z"}
info: Search for label AOC Keurmerk with searchString: "ja" {"timestamp":"2025-09-05T14:41:13.713Z"}
info: Certificate to fetch data for: "Veilig werken op hoogte" {"timestamp":"2025-09-05T14:41:13.714Z"}
info: Search for label aocKeurmerk with searchString: "ja" {"timestamp":"2025-09-05T14:41:16.381Z"}
info: Certificate to fetch data for: "Veilig werken op hoogte" {"timestamp":"2025-09-05T14:41:16.382Z"}
info: Search for label AOC Keurmerk with searchString: "ja" {"timestamp":"2025-09-05T14:41:16.391Z"}
info: Certificate to fetch data for: "Veilig werken op hoogte" {"timestamp":"2025-09-05T14:41:16.393Z"}
info: Search for label aocKeurmerk with searchString: "ja" {"timestamp":"2025-09-05T14:41:16.395Z"}
info: Search for label aocKeurmerk with searchString: "ja" {"timestamp":"2025-09-05T15:07:35.973Z"}
info: Certificate to fetch data for: "Veilig werken op hoogte" {"timestamp":"2025-09-05T15:07:35.974Z"}
info: Search for label aocKeurmerk with searchString: "ja" {"timestamp":"2025-09-05T15:08:33.913Z"}
info: Certificate to fetch data for: "Veilig werken op hoogte" {"timestamp":"2025-09-05T15:08:33.914Z"}
info: Search for label aocKeurmerk with searchString: "ja" {"timestamp":"2025-09-05T15:08:40.319Z"}
info: Certificate to fetch data for: "Veilig werken op hoogte" {"timestamp":"2025-09-05T15:08:40.320Z"}
info: Search for label aocKeurmerk with searchString: "ja" {"timestamp":"2025-09-05T15:13:27.767Z"}
info: Certificate to fetch data for: "Veilig werken op hoogte" {"timestamp":"2025-09-05T15:13:27.768Z"}
info: Search for label aocKeurmerk with searchString: "ja" {"timestamp":"2025-09-05T15:13:44.135Z"}
info: Certificate to fetch data for: "Veilig werken op hoogte" {"timestamp":"2025-09-05T15:13:44.136Z"}
info: Search for label aocKeurmerk with searchString: "ja" {"timestamp":"2025-09-05T15:14:10.826Z"}
info: Certificate to fetch data for: "Veilig werken op hoogte" {"timestamp":"2025-09-05T15:14:10.827Z"}
info: Search for label aocKeurmerk with searchString: "ja" {"timestamp":"2025-09-05T15:14:38.838Z"}
info: Certificate to fetch data for: "Veilig werken op hoogte" {"timestamp":"2025-09-05T15:14:38.839Z"}
info: Search for label AOC Keurmerk with searchString: "ja" {"timestamp":"2025-09-05T15:14:38.843Z"}
info: Certificate to fetch data for: "Veilig werken op hoogte" {"timestamp":"2025-09-05T15:14:38.843Z"}
info: Search for label aocKeurmerk with searchString: "ja" {"timestamp":"2025-09-05T15:14:38.844Z"}
info: Search for label AOC Keurmerk with searchString: "ja" {"timestamp":"2025-09-05T15:16:07.589Z"}
info: Certificate to fetch data for: "Veilig werken op hoogte" {"timestamp":"2025-09-05T15:16:07.590Z"}
info: Search for label aocKeurmerk with searchString: "ja" {"timestamp":"2025-09-05T15:16:14.951Z"}
info: Certificate to fetch data for: "Kleurkeur basis" {"timestamp":"2025-09-05T15:16:14.952Z"}
info: Search for label aocKeurmerk with searchString: "ja" {"timestamp":"2025-09-05T15:16:19.929Z"}
info: Certificate to fetch data for: "Kleurkeur basis" {"timestamp":"2025-09-05T15:16:19.930Z"}
info: Search for label aocKeurmerk with searchString: "ja" {"timestamp":"2025-09-05T15:16:23.730Z"}
info: Certificate to fetch data for: "Veilig werken op hoogte" {"timestamp":"2025-09-05T15:16:23.731Z"}
info: Search for label AOC Keurmerk with searchString: "ja" {"timestamp":"2025-09-05T15:16:23.736Z"}
info: Certificate to fetch data for: "Veilig werken op hoogte" {"timestamp":"2025-09-05T15:16:23.736Z"}
info: Search for label aocKeurmerk with searchString: "ja" {"timestamp":"2025-09-05T15:16:23.738Z"}
info: Search for label aocKeurmerk with searchString: "ja" {"timestamp":"2025-09-05T15:17:57.272Z"}
info: Certificate to fetch data for: "Veilig werken op hoogte" {"timestamp":"2025-09-05T15:17:57.274Z"}
info: Search for label AOC Keurmerk with searchString: "ja" {"timestamp":"2025-09-05T15:17:57.278Z"}
info: Certificate to fetch data for: "Veilig werken op hoogte" {"timestamp":"2025-09-05T15:17:57.278Z"}
info: Search for label aocKeurmerk with searchString: "ja" {"timestamp":"2025-09-05T15:17:57.279Z"}
info: Search for label aocKeurmerk with searchString: "ja" {"timestamp":"2025-09-05T15:18:50.200Z"}
info: Certificate to fetch data for: "Veilig werken op hoogte" {"timestamp":"2025-09-05T15:18:50.206Z"}
info: Search for label AOC Keurmerk with searchString: "ja" {"timestamp":"2025-09-05T15:18:50.217Z"}
info: Certificate to fetch data for: "Veilig werken op hoogte" {"timestamp":"2025-09-05T15:18:50.218Z"}
info: Search for label aocKeurmerk with searchString: "ja" {"timestamp":"2025-09-05T15:18:50.220Z"}
info: Certificate to fetch data for: "Kleurkeur basis" {"timestamp":"2025-09-05T15:18:50.220Z"}
info: Search for label aocKeurmerk with searchString: "ja" {"timestamp":"2025-09-05T15:19:26.082Z"}
info: Certificate to fetch data for: "Veilig werken op hoogte" {"timestamp":"2025-09-05T15:19:26.083Z"}
info: Search for label AOC Keurmerk with searchString: "ja" {"timestamp":"2025-09-05T15:19:26.087Z"}
info: Certificate to fetch data for: "Veilig werken op hoogte" {"timestamp":"2025-09-05T15:19:26.087Z"}
info: Search for label aocKeurmerk with searchString: "ja" {"timestamp":"2025-09-05T15:19:26.088Z"}
info: LosExamenMoment, label: aocKeurmerk, examenTypeNummer: 1, examennummer: 549830 {"timestamp":"2025-09-05T15:27:39.194Z"}
info: Los examen moment data: {"examennummer":"691092","examendatum":"2024-06-28T06:00:00.000Z","einddatumExamen":"2024-06-28T07:30:00.000Z","examentype":"Bestrijdingstechnicus Praktijk","examentypeCode":"RPMV_BT_PE","examentypeOmschrijving":"Bestrijdingstechnicus Praktijk","status":"OK","totaalAantalPlekken":1,"openPlekken":0,"locatieNaam":"Lestrix LEUSDEN","locatiePostcode":"3831 KE","locatiePlaats":"LEUSDEN","branche":"RPMV","organisatorBedrijfsnaam":"","organisatorStraat":"","organisatorHuisnummer":"","organisatorToevoeging":"","organisatorPlaats":"","organisatorEmail":"","organisatorTelefoon":"","url":"","prijs":"€ 0,00"} {"timestamp":"2025-09-05T15:27:39.199Z"}
info: LosExamenMoment, label: aocKeurmerk, examenTypeNummer: 1, examennummer: 549830 {"timestamp":"2025-09-05T15:27:56.734Z"}
info: Los examen moment data: {"examennummer":"691092","examendatum":"2024-06-28T06:00:00.000Z","einddatumExamen":"2024-06-28T07:30:00.000Z","examentype":"Bestrijdingstechnicus Praktijk","examentypeCode":"RPMV_BT_PE","examentypeOmschrijving":"Bestrijdingstechnicus Praktijk","status":"OK","totaalAantalPlekken":1,"openPlekken":0,"locatieNaam":"Lestrix LEUSDEN","locatiePostcode":"3831 KE","locatiePlaats":"LEUSDEN","branche":"RPMV","organisatorBedrijfsnaam":"","organisatorStraat":"","organisatorHuisnummer":"","organisatorToevoeging":"","organisatorPlaats":"","organisatorEmail":"","organisatorTelefoon":"","url":"","prijs":"€ 0,00"} {"timestamp":"2025-09-05T15:27:56.740Z"}
info: LosExamenMoment, label: aocKeurmerk, examenTypeNummer: 1, examennummer: 549830 {"timestamp":"2025-09-05T15:28:10.411Z"}
info: Los examen moment data: {"examennummer":"691092","examendatum":"2024-06-28T06:00:00.000Z","einddatumExamen":"2024-06-28T07:30:00.000Z","examentype":"Bestrijdingstechnicus Praktijk","examentypeCode":"RPMV_BT_PE","examentypeOmschrijving":"Bestrijdingstechnicus Praktijk","status":"OK","totaalAantalPlekken":1,"openPlekken":0,"locatieNaam":"Lestrix LEUSDEN","locatiePostcode":"3831 KE","locatiePlaats":"LEUSDEN","branche":"RPMV","organisatorBedrijfsnaam":"","organisatorStraat":"","organisatorHuisnummer":"","organisatorToevoeging":"","organisatorPlaats":"","organisatorEmail":"","organisatorTelefoon":"","url":"","prijs":"€ 0,00"} {"timestamp":"2025-09-05T15:28:10.417Z"}
